2025-07-19T10:57:42.752+09:00  INFO 716776 --- [springboot_cqrs_command] [main] .l.SpringbootCqrsCommandApplicationTests : Starting SpringbootCqrsCommandApplicationTests using Java 21.0.7 with PID 716776 (started by thee5176 in /home/thee5176/Documents/Java/SpringBoot_CQRS/springboot_cqrs_command)
2025-07-19T10:57:42.824+09:00  INFO 716776 --- [springboot_cqrs_command] [main] .l.SpringbootCqrsCommandApplicationTests : No active profile set, falling back to 1 default profile: "default"
2025-07-19T10:57:46.518+09:00  INFO 716776 --- [springboot_cqrs_command] [main] com.zaxxer.hikari.HikariDataSource       : HikariPool-1 - Starting...
2025-07-19T10:57:47.053+09:00  INFO 716776 --- [springboot_cqrs_command] [main] com.zaxxer.hikari.pool.HikariPool        : HikariPool-1 - Added connection org.postgresql.jdbc.PgConnection@319b1c77
2025-07-19T10:57:47.064+09:00  INFO 716776 --- [springboot_cqrs_command] [main] com.zaxxer.hikari.HikariDataSource       : HikariPool-1 - Start completed.
2025-07-19T10:57:47.138+09:00  INFO 716776 --- [springboot_cqrs_command] [main] org.flywaydb.core.FlywayExecutor         : Database: jdbc:postgresql://localhost:5999/record (PostgreSQL 17.5)
2025-07-19T10:57:47.517+09:00  INFO 716776 --- [springboot_cqrs_command] [main] o.f.core.internal.command.DbValidate     : Successfully validated 4 migrations (execution time 00:00.207s)
2025-07-19T10:57:47.629+09:00  INFO 716776 --- [springboot_cqrs_command] [main] o.f.core.internal.command.DbMigrate      : Current version of schema "public": 4
2025-07-19T10:57:47.646+09:00  INFO 716776 --- [springboot_cqrs_command] [main] o.f.core.internal.command.DbMigrate      : Schema "public" is up to date. No migration necessary.
2025-07-19T10:57:51.951+09:00  INFO 716776 --- [springboot_cqrs_command] [main] .l.SpringbootCqrsCommandApplicationTests : Started SpringbootCqrsCommandApplicationTests in 11.027 seconds (process running for 17.52)
2025-07-19T10:57:52.063+09:00  INFO 716776 --- [springboot_cqrs_command] [main] t.c.s.AnnotationConfigContextLoaderUtils : Could not detect default configuration classes for test class [com.thee5176.ledger_command.Application.config.ModelMapperConfigTest]: ModelMapperConfigTest does not declare any static, non-private, non-final, nested classes annotated with @Configuration.
2025-07-19T10:57:52.104+09:00  INFO 716776 --- [springboot_cqrs_command] [main] .b.t.c.SpringBootTestContextBootstrapper : Found @SpringBootConfiguration com.thee5176.ledger_command.SpringbootCqrsCommandApplication for test class com.thee5176.ledger_command.Application.config.ModelMapperConfigTest
2025-07-19T10:57:53.561+09:00  INFO 716776 --- [springboot_cqrs_command] [SpringApplicationShutdownHook] com.zaxxer.hikari.HikariDataSource       : HikariPool-1 - Shutdown initiated...
2025-07-19T10:57:53.578+09:00  INFO 716776 --- [springboot_cqrs_command] [SpringApplicationShutdownHook] com.zaxxer.hikari.HikariDataSource       : HikariPool-1 - Shutdown completed.
2025-07-19T11:00:09.095+09:00  INFO 718947 --- [springboot_cqrs_command] [main] .l.SpringbootCqrsCommandApplicationTests : Starting SpringbootCqrsCommandApplicationTests using Java 21.0.7 with PID 718947 (started by thee5176 in /home/thee5176/Documents/Java/SpringBoot_CQRS/springboot_cqrs_command)
2025-07-19T11:00:09.100+09:00  INFO 718947 --- [springboot_cqrs_command] [main] .l.SpringbootCqrsCommandApplicationTests : No active profile set, falling back to 1 default profile: "default"
2025-07-19T11:00:15.676+09:00  INFO 718947 --- [springboot_cqrs_command] [main] com.zaxxer.hikari.HikariDataSource       : HikariPool-1 - Starting...
2025-07-19T11:00:16.131+09:00  INFO 718947 --- [springboot_cqrs_command] [main] com.zaxxer.hikari.pool.HikariPool        : HikariPool-1 - Added connection org.postgresql.jdbc.PgConnection@48692405
2025-07-19T11:00:16.134+09:00  INFO 718947 --- [springboot_cqrs_command] [main] com.zaxxer.hikari.HikariDataSource       : HikariPool-1 - Start completed.
2025-07-19T11:00:16.216+09:00  INFO 718947 --- [springboot_cqrs_command] [main] org.flywaydb.core.FlywayExecutor         : Database: jdbc:postgresql://localhost:5999/record (PostgreSQL 17.5)
2025-07-19T11:00:16.481+09:00  INFO 718947 --- [springboot_cqrs_command] [main] o.f.core.internal.command.DbValidate     : Successfully validated 4 migrations (execution time 00:00.125s)
2025-07-19T11:00:16.644+09:00  INFO 718947 --- [springboot_cqrs_command] [main] o.f.core.internal.command.DbMigrate      : Current version of schema "public": 4
2025-07-19T11:00:16.671+09:00  INFO 718947 --- [springboot_cqrs_command] [main] o.f.core.internal.command.DbMigrate      : Schema "public" is up to date. No migration necessary.
2025-07-19T11:00:22.954+09:00  INFO 718947 --- [springboot_cqrs_command] [main] .l.SpringbootCqrsCommandApplicationTests : Started SpringbootCqrsCommandApplicationTests in 14.727 seconds (process running for 20.602)
2025-07-19T11:00:23.336+09:00  INFO 718947 --- [springboot_cqrs_command] [main] t.c.s.AnnotationConfigContextLoaderUtils : Could not detect default configuration classes for test class [com.thee5176.ledger_command.Application.config.ModelMapperConfigTest]: ModelMapperConfigTest does not declare any static, non-private, non-final, nested classes annotated with @Configuration.
2025-07-19T11:00:23.465+09:00  INFO 718947 --- [springboot_cqrs_command] [main] .b.t.c.SpringBootTestContextBootstrapper : Found @SpringBootConfiguration com.thee5176.ledger_command.SpringbootCqrsCommandApplication for test class com.thee5176.ledger_command.Application.config.ModelMapperConfigTest
2025-07-19T11:00:24.635+09:00  INFO 718947 --- [springboot_cqrs_command] [SpringApplicationShutdownHook] com.zaxxer.hikari.HikariDataSource       : HikariPool-1 - Shutdown initiated...
2025-07-19T11:00:24.659+09:00  INFO 718947 --- [springboot_cqrs_command] [SpringApplicationShutdownHook] com.zaxxer.hikari.HikariDataSource       : HikariPool-1 - Shutdown completed.
